TN:
SF:src/modules/freelas/services/CreateFreelaService.ts
FN:54,Object.<anonymous>
FN:54,Object.<anonymous>.__decorate
FN:54,Object.<anonymous>.__metadata
FN:54,Object.<anonymous>.__param
FN:54,Object.<anonymous>.__awaiter
FN:54,adopt
FN:54,fulfilled
FN:54,rejected
FN:54,step
FN:54,Object.<anonymous>.__generator
FN:54,sent
FN:54,g.<computed>
FN:54,verb
FN:54,step
FN:54,Object.<anonymous>.__importDefault
FN:20,CreateFreelaService
FN:29,Object.<anonymous>.CreateFreelaService.execute
FNF:17
FNH:15
FNDA:1,Object.<anonymous>
FNDA:1,Object.<anonymous>.__decorate
FNDA:1,Object.<anonymous>.__metadata
FNDA:1,Object.<anonymous>.__param
FNDA:2,Object.<anonymous>.__awaiter
FNDA:4,adopt
FNDA:4,fulfilled
FNDA:0,rejected
FNDA:5,step
FNDA:2,Object.<anonymous>.__generator
FNDA:4,sent
FNDA:0,g.<computed>
FNDA:6,verb
FNDA:6,step
FNDA:1,Object.<anonymous>.__importDefault
FNDA:2,CreateFreelaService
FNDA:2,Object.<anonymous>.CreateFreelaService.execute
DA:1,1
DA:2,1
DA:3,1
DA:4,1
DA:5,1
DA:6,1
DA:7,1
DA:8,1
DA:9,1
DA:10,1
DA:11,1
DA:12,1
DA:13,1
DA:14,1
DA:15,1
DA:16,1
DA:17,1
DA:18,1
DA:19,1
DA:20,1
DA:21,2
DA:22,2
DA:23,2
DA:24,2
DA:25,2
DA:26,2
DA:27,2
DA:28,1
DA:29,1
DA:30,2
DA:31,2
DA:32,2
DA:33,2
DA:34,2
DA:35,2
DA:36,2
DA:37,2
DA:38,1
DA:39,1
DA:40,1
DA:41,1
DA:42,1
DA:43,1
DA:44,1
DA:45,1
DA:46,1
DA:47,2
DA:48,2
DA:49,2
DA:50,2
DA:51,2
DA:52,1
DA:53,1
DA:54,1
LF:54
LH:54
BRDA:54,0,0,1
BRDA:54,1,0,1
BRDA:54,2,0,1
BRDA:54,3,0,0
BRDA:54,4,0,0
BRDA:54,5,0,0
BRDA:54,6,0,0
BRDA:54,7,0,1
BRDA:54,8,0,1
BRDA:54,9,0,1
BRDA:54,10,0,2
BRDA:54,11,0,4
BRDA:54,12,0,0
BRDA:54,13,0,2
BRDA:54,14,0,4
BRDA:54,15,0,3
BRDA:54,16,0,1
BRDA:54,17,0,5
BRDA:54,18,0,1
BRDA:54,19,0,4
BRDA:54,20,0,2
BRDA:54,21,0,4
BRDA:54,22,0,0
BRDA:54,23,0,6
BRDA:54,24,0,6
BRDA:54,25,0,6
BRDA:54,26,0,0
BRDA:54,27,0,12
BRDA:54,28,0,0
BRDA:54,29,0,0
BRDA:54,30,0,0
BRDA:54,31,0,0
BRDA:54,32,0,6
BRDA:54,33,0,6
BRDA:54,34,0,4
BRDA:54,35,0,0
BRDA:54,36,0,0
BRDA:54,37,0,2
BRDA:54,38,0,0
BRDA:54,39,0,1
BRDA:54,40,0,0
BRDA:54,41,0,0
BRDA:54,42,0,0
BRDA:54,43,0,0
BRDA:54,44,0,6
BRDA:54,45,0,5
BRDA:54,46,0,1
BRDA:54,47,0,6
BRDA:54,48,0,2
BRDA:54,49,0,1
BRDA:54,50,0,0
BRDA:54,51,0,1
BRDA:54,52,0,0
BRDA:15,53,0,1
BRDA:20,54,0,2
BRDA:29,55,0,2
BRDA:54,56,0,2
BRDA:54,57,0,6
BRDA:35,58,0,2
BRDA:54,59,0,2
BRDA:37,60,0,1
BRDA:54,61,0,1
BRDA:54,62,0,1
BRF:63
BRH:43
end_of_record
TN:
SF:src/modules/users/services/AutheticadedUserService.ts
FN:66,Object.<anonymous>
FN:66,Object.<anonymous>.__decorate
FN:66,Object.<anonymous>.__metadata
FN:66,Object.<anonymous>.__param
FN:66,Object.<anonymous>.__awaiter
FN:66,adopt
FN:66,fulfilled
FN:66,rejected
FN:66,step
FN:66,Object.<anonymous>.__generator
FN:66,sent
FN:66,g.<computed>
FN:66,verb
FN:66,step
FN:66,Object.<anonymous>.__importDefault
FN:26,AutheticatedServece
FN:41,Object.<anonymous>.AutheticatedServece.execute
FNF:17
FNH:15
FNDA:1,Object.<anonymous>
FNDA:1,Object.<anonymous>.__decorate
FNDA:1,Object.<anonymous>.__metadata
FNDA:3,Object.<anonymous>.__param
FNDA:2,Object.<anonymous>.__awaiter
FNDA:4,adopt
FNDA:4,fulfilled
FNDA:0,rejected
FNDA:5,step
FNDA:2,Object.<anonymous>.__generator
FNDA:4,sent
FNDA:0,g.<computed>
FNDA:6,verb
FNDA:6,step
FNDA:1,Object.<anonymous>.__importDefault
FNDA:2,AutheticatedServece
FNDA:2,Object.<anonymous>.AutheticatedServece.execute
DA:1,1
DA:2,1
DA:3,1
DA:4,1
DA:5,1
DA:6,1
DA:7,1
DA:8,1
DA:9,1
DA:10,1
DA:11,1
DA:12,1
DA:13,1
DA:14,1
DA:15,1
DA:16,1
DA:17,1
DA:18,1
DA:19,1
DA:20,1
DA:21,1
DA:22,1
DA:23,1
DA:24,1
DA:25,1
DA:26,1
DA:27,2
DA:28,2
DA:29,2
DA:30,2
DA:31,2
DA:32,2
DA:33,2
DA:34,2
DA:35,2
DA:36,2
DA:37,2
DA:38,2
DA:39,2
DA:40,1
DA:41,1
DA:42,2
DA:43,2
DA:44,2
DA:45,1
DA:46,1
DA:47,1
DA:48,1
DA:49,1
DA:50,1
DA:51,1
DA:52,2
DA:53,2
DA:54,0
DA:55,0
DA:56,2
DA:57,2
DA:58,2
DA:59,2
DA:60,2
DA:61,2
DA:62,2
DA:63,2
DA:64,1
DA:65,1
DA:66,1
LF:66
LH:64
BRDA:66,0,0,1
BRDA:66,1,0,1
BRDA:66,2,0,1
BRDA:66,3,0,0
BRDA:66,4,0,0
BRDA:66,5,0,0
BRDA:66,6,0,0
BRDA:66,7,0,1
BRDA:66,8,0,3
BRDA:66,9,0,3
BRDA:66,10,0,2
BRDA:66,11,0,4
BRDA:66,12,0,0
BRDA:66,13,0,2
BRDA:66,14,0,4
BRDA:66,15,0,3
BRDA:66,16,0,1
BRDA:66,17,0,5
BRDA:66,18,0,1
BRDA:66,19,0,4
BRDA:66,20,0,2
BRDA:66,21,0,4
BRDA:66,22,0,0
BRDA:66,23,0,6
BRDA:66,24,0,6
BRDA:66,25,0,6
BRDA:66,26,0,0
BRDA:66,27,0,12
BRDA:66,28,0,0
BRDA:66,29,0,0
BRDA:66,30,0,0
BRDA:66,31,0,0
BRDA:66,32,0,6
BRDA:66,33,0,6
BRDA:66,34,0,4
BRDA:66,35,0,0
BRDA:66,36,0,0
BRDA:66,37,0,2
BRDA:66,38,0,0
BRDA:66,39,0,1
BRDA:66,40,0,0
BRDA:66,41,0,0
BRDA:66,42,0,0
BRDA:66,43,0,0
BRDA:66,44,0,6
BRDA:66,45,0,5
BRDA:66,46,0,1
BRDA:66,47,0,6
BRDA:66,48,0,2
BRDA:66,49,0,1
BRDA:66,50,0,0
BRDA:66,51,0,1
BRDA:66,52,0,0
BRDA:19,53,0,1
BRDA:26,54,0,2
BRDA:41,55,0,2
BRDA:66,56,0,2
BRDA:66,57,0,6
BRDA:42,58,0,2
BRDA:66,59,0,2
BRDA:44,60,0,1
BRDA:66,61,0,1
BRDA:53,62,0,0
BRDA:66,63,0,1
BRF:64
BRH:43
end_of_record
TN:
SF:src/modules/users/services/CreateUserService.ts
FN:75,Object.<anonymous>
FN:75,Object.<anonymous>.__decorate
FN:75,Object.<anonymous>.__metadata
FN:75,Object.<anonymous>.__param
FN:75,Object.<anonymous>.__awaiter
FN:75,adopt
FN:75,fulfilled
FN:75,rejected
FN:75,step
FN:75,Object.<anonymous>.__generator
FN:75,sent
FN:75,g.<computed>
FN:75,verb
FN:75,step
FN:75,Object.<anonymous>.__importDefault
FN:28,CreateUserServece
FN:43,Object.<anonymous>.CreateUserServece.execute
FNF:17
FNH:15
FNDA:1,Object.<anonymous>
FNDA:1,Object.<anonymous>.__decorate
FNDA:1,Object.<anonymous>.__metadata
FNDA:3,Object.<anonymous>.__param
FNDA:2,Object.<anonymous>.__awaiter
FNDA:6,adopt
FNDA:6,fulfilled
FNDA:0,rejected
FNDA:7,step
FNDA:2,Object.<anonymous>.__generator
FNDA:6,sent
FNDA:0,g.<computed>
FNDA:6,verb
FNDA:8,step
FNDA:1,Object.<anonymous>.__importDefault
FNDA:2,CreateUserServece
FNDA:2,Object.<anonymous>.CreateUserServece.execute
DA:1,1
DA:2,1
DA:3,1
DA:4,1
DA:5,1
DA:6,1
DA:7,1
DA:8,1
DA:9,1
DA:10,1
DA:11,1
DA:12,1
DA:13,1
DA:14,1
DA:15,1
DA:16,1
DA:17,1
DA:18,1
DA:19,1
DA:20,1
DA:21,1
DA:22,1
DA:23,1
DA:24,1
DA:25,1
DA:26,1
DA:27,1
DA:28,1
DA:29,2
DA:30,2
DA:31,2
DA:32,2
DA:33,2
DA:34,2
DA:35,2
DA:36,2
DA:37,2
DA:38,2
DA:39,2
DA:40,2
DA:41,2
DA:42,1
DA:43,1
DA:44,2
DA:45,2
DA:46,2
DA:47,2
DA:48,2
DA:49,2
DA:50,2
DA:51,2
DA:52,1
DA:53,1
DA:54,1
DA:55,1
DA:56,2
DA:57,2
DA:58,2
DA:59,2
DA:60,2
DA:61,2
DA:62,2
DA:63,2
DA:64,2
DA:65,2
DA:66,2
DA:67,2
DA:68,2
DA:69,2
DA:70,2
DA:71,2
DA:72,2
DA:73,1
DA:74,1
DA:75,1
LF:75
LH:75
BRDA:75,0,0,1
BRDA:75,1,0,1
BRDA:75,2,0,1
BRDA:75,3,0,0
BRDA:75,4,0,0
BRDA:75,5,0,0
BRDA:75,6,0,0
BRDA:75,7,0,1
BRDA:75,8,0,3
BRDA:75,9,0,3
BRDA:75,10,0,2
BRDA:75,11,0,6
BRDA:75,12,0,0
BRDA:75,13,0,2
BRDA:75,14,0,6
BRDA:75,15,0,5
BRDA:75,16,0,1
BRDA:75,17,0,7
BRDA:75,18,0,1
BRDA:75,19,0,6
BRDA:75,20,0,2
BRDA:75,21,0,6
BRDA:75,22,0,0
BRDA:75,23,0,6
BRDA:75,24,0,8
BRDA:75,25,0,8
BRDA:75,26,0,0
BRDA:75,27,0,16
BRDA:75,28,0,0
BRDA:75,29,0,0
BRDA:75,30,0,0
BRDA:75,31,0,0
BRDA:75,32,0,8
BRDA:75,33,0,8
BRDA:75,34,0,6
BRDA:75,35,0,0
BRDA:75,36,0,0
BRDA:75,37,0,2
BRDA:75,38,0,0
BRDA:75,39,0,1
BRDA:75,40,0,0
BRDA:75,41,0,0
BRDA:75,42,0,0
BRDA:75,43,0,0
BRDA:75,44,0,8
BRDA:75,45,0,7
BRDA:75,46,0,1
BRDA:75,47,0,8
BRDA:75,48,0,2
BRDA:75,49,0,1
BRDA:75,50,0,0
BRDA:75,51,0,1
BRDA:75,52,0,0
BRDA:21,53,0,1
BRDA:28,54,0,2
BRDA:43,55,0,2
BRDA:75,56,0,2
BRDA:75,57,0,8
BRDA:49,58,0,2
BRDA:75,59,0,2
BRDA:51,60,0,1
BRDA:75,61,0,1
BRDA:75,62,0,1
BRDA:75,63,0,1
BRDA:75,64,0,1
BRF:65
BRH:45
end_of_record
